<?xml version="1.0" encoding="UTF-8"?>
<!-- Generated by org.testng.reporters.JUnitXMLReporter -->
<testsuite hostname="LAPTOP-R71BKCQK" failures="0" tests="7" name="Command line test fcdbd456-6beb-4b7e-a0de-93d55d2575b1" time="0.019" errors="0" timestamp="12 Jul 2022 17:56:33 GMT">
  <testcase classname="org.testing.TestScripts_YTFramework.TC1" name="@BeforeMethod browserOpen" time="0.0">
    <failure type="org.testng.TestNGException" message="
Method browserOpen requires 2 parameters but 0 were supplied in the @Configuration annotation.">
      <![CDATA[org.testng.TestNGException: 
Method browserOpen requires 2 parameters but 0 were supplied in the @Configuration annotation.
	at org.testing.Runner.Runner.main(Runner.java:73)
... Removed 21 stack frames]]>
    </failure>
  </testcase> <!-- @BeforeMethod browserOpen -->
  <testcase classname="org.testing.TestScripts_YTFramework.TC1" name="@AfterMethod browserClose" time="0.0">
    <skipped/>
  </testcase> <!-- @AfterMethod browserClose -->
  <testcase classname="org.testing.TestScripts_YTFramework.TC2" name="@BeforeMethod browserOpen" time="0.0">
    <skipped/>
  </testcase> <!-- @BeforeMethod browserOpen -->
  <testcase classname="org.testing.TestScripts_YTFramework.TC2" name="@AfterMethod browserClose" time="0.0">
    <skipped/>
  </testcase> <!-- @AfterMethod browserClose -->
  <testcase classname="org.testing.TestScripts_YTFramework.TC3" name="@BeforeMethod browserOpen" time="0.0">
    <skipped/>
  </testcase> <!-- @BeforeMethod browserOpen -->
  <testcase classname="org.testing.TestScripts_YTFramework.TC3" name="@AfterMethod browserClose" time="0.0">
    <skipped/>
  </testcase> <!-- @AfterMethod browserClose -->
  <testcase classname="org.testing.TestScripts_YTFramework.TC4" name="@BeforeMethod browserOpen" time="0.0">
    <skipped/>
  </testcase> <!-- @BeforeMethod browserOpen -->
  <testcase classname="org.testing.TestScripts_YTFramework.TC4" name="@AfterMethod browserClose" time="0.0">
    <skipped/>
  </testcase> <!-- @AfterMethod browserClose -->
  <testcase classname="org.testing.TestScripts_YTFramework.TC6" name="@BeforeMethod browserOpen" time="0.0">
    <skipped/>
  </testcase> <!-- @BeforeMethod browserOpen -->
  <testcase classname="org.testing.TestScripts_YTFramework.TC6" name="@AfterMethod browserClose" time="0.0">
    <skipped/>
  </testcase> <!-- @AfterMethod browserClose -->
  <testcase classname="org.testing.TestScripts_YTFramework.TC7" name="@BeforeMethod browserOpen" time="0.0">
    <skipped/>
  </testcase> <!-- @BeforeMethod browserOpen -->
  <testcase classname="org.testing.TestScripts_YTFramework.TC7" name="@AfterMethod browserClose" time="0.0">
    <skipped/>
  </testcase> <!-- @AfterMethod browserClose -->
  <testcase classname="org.testing.TestScripts_YTFramework.TC8" name="@BeforeMethod browserOpen" time="0.0">
    <skipped/>
  </testcase> <!-- @BeforeMethod browserOpen -->
  <testcase classname="org.testing.TestScripts_YTFramework.TC8" name="@AfterMethod browserClose" time="0.0">
    <skipped/>
  </testcase> <!-- @AfterMethod browserClose -->
  <testcase classname="org.testing.TestScripts_YTFramework.TC1" name="test" time="0.003">
    <skipped/>
  </testcase> <!-- test -->
  <testcase classname="org.testing.TestScripts_YTFramework.TC2" name="test" time="0.0">
    <skipped/>
  </testcase> <!-- test -->
  <testcase classname="org.testing.TestScripts_YTFramework.TC3" name="test" time="0.0">
    <skipped/>
  </testcase> <!-- test -->
  <testcase classname="org.testing.TestScripts_YTFramework.TC4" name="test" time="0.0">
    <skipped/>
  </testcase> <!-- test -->
  <testcase classname="org.testing.TestScripts_YTFramework.TC6" name="test" time="0.0">
    <skipped/>
  </testcase> <!-- test -->
  <testcase classname="org.testing.TestScripts_YTFramework.TC7" name="test" time="0.0">
    <skipped/>
  </testcase> <!-- test -->
  <testcase classname="org.testing.TestScripts_YTFramework.TC8" name="test" time="0.0">
    <skipped/>
  </testcase> <!-- test -->
</testsuite> <!-- Command line test fcdbd456-6beb-4b7e-a0de-93d55d2575b1 -->
