<?xml version="1.0" encoding="UTF-8"?>
<!-- Generated by org.testng.reporters.JUnitXMLReporter -->
<testsuite hostname="LAPTOP-R71BKCQK" failures="1" tests="7" name="Command line test a2d3cc02-61f3-404b-a084-0b14adbdd00a" time="314.765" errors="0" timestamp="9 Jul 2022 03:44:41 GMT">
  <testcase classname="org.testing.TestScripts_YTFramework.TC1" name="test" time="45.367"/>
  <testcase classname="org.testing.TestScripts_YTFramework.TC2" name="test" time="33.586"/>
  <testcase classname="org.testing.TestScripts_YTFramework.TC3" name="test" time="33.508"/>
  <testcase classname="org.testing.TestScripts_YTFramework.TC4" name="test" time="36.671"/>
  <testcase classname="org.testing.TestScripts_YTFramework.TC5" name="test" time="25.031">
    <failure type="org.openqa.selenium.ElementNotInteractableException" message="element not interactable
  (Session info: chrome=103.0.5060.114)
Build info: version: &amp;apos;4.1.4&amp;apos;, revision: &amp;apos;535d840ee2&amp;apos;
System info: host: &amp;apos;LAPTOP-R71BKCQK&amp;apos;, ip: &amp;apos;192.168.1.23&amp;apos;, os.name: &amp;apos;Windows 11&amp;apos;, os.arch: &amp;apos;amd64&amp;apos;, os.version: &amp;apos;10.0&amp;apos;, java.version: &amp;apos;17.0.3&amp;apos;
Driver info: org.openqa.selenium.chrome.ChromeDriver
Command: [811e8c0de34cca37890eabf89923c606, clickElement {id=c5210604-db25-4158-9e25-0b38a5c412f3}]
Capabilities {acceptInsecureCerts: false, browserName: chrome, browserVersion: 103.0.5060.114, chrome: {chromedriverVersion: 103.0.5060.53 (a1711811edd7..., userDataDir: C:\Users\hp\AppData\Local\T...}, goog:chromeOptions: {debuggerAddress: localhost:63146}, javascriptEnabled: true, networkConnectionEnabled: false, pageLoadStrategy: normal, platform: WINDOWS, platformName: WINDOWS, proxy: Proxy(), se:cdp: ws://localhost:63146/devtoo..., se:cdpVersion: 103.0.5060.114, setWindowRect: true, strictFileInteractability: false, timeouts: {implicit: 0, pageLoad: 300000, script: 30000}, unhandledPromptBehavior: dismiss and notify, webauthn:extension:credBlob: true, webauthn:extension:largeBlob: true, webauthn:virtualAuthenticators: true}
Element: [[ChromeDriver: chrome on WINDOWS (811e8c0de34cca37890eabf89923c606)] -&amp;gt; xpath: (//*[contains(@class,&amp;apos;style-scope ytd-subscribe-button-renderer&amp;apos;)])[1]]
Session ID: 811e8c0de34cca37890eabf89923c606">
      <![CDATA[org.openqa.selenium.ElementNotInteractableException: element not interactable
  (Session info: chrome=103.0.5060.114)
Build info: version: '4.1.4', revision: '535d840ee2'
System info: host: 'LAPTOP-R71BKCQK', ip: '192.168.1.23', os.name: 'Windows 11', os.arch: 'amd64', os.version: '10.0', java.version: '17.0.3'
Driver info: org.openqa.selenium.chrome.ChromeDriver
Command: [811e8c0de34cca37890eabf89923c606, clickElement {id=c5210604-db25-4158-9e25-0b38a5c412f3}]
Capabilities {acceptInsecureCerts: false, browserName: chrome, browserVersion: 103.0.5060.114, chrome: {chromedriverVersion: 103.0.5060.53 (a1711811edd7..., userDataDir: C:\Users\hp\AppData\Local\T...}, goog:chromeOptions: {debuggerAddress: localhost:63146}, javascriptEnabled: true, networkConnectionEnabled: false, pageLoadStrategy: normal, platform: WINDOWS, platformName: WINDOWS, proxy: Proxy(), se:cdp: ws://localhost:63146/devtoo..., se:cdpVersion: 103.0.5060.114, setWindowRect: true, strictFileInteractability: false, timeouts: {implicit: 0, pageLoad: 300000, script: 30000}, unhandledPromptBehavior: dismiss and notify, webauthn:extension:credBlob: true, webauthn:extension:largeBlob: true, webauthn:virtualAuthenticators: true}
Element: [[ChromeDriver: chrome on WINDOWS (811e8c0de34cca37890eabf89923c606)] -> xpath: (//*[contains(@class,'style-scope ytd-subscribe-button-renderer')])[1]]
Session ID: 811e8c0de34cca37890eabf89923c606
	at org.openqa.selenium.remote.codec.w3c.W3CHttpResponseCodec.createException(W3CHttpResponseCodec.java:200)
	at org.openqa.selenium.remote.codec.w3c.W3CHttpResponseCodec.decode(W3CHttpResponseCodec.java:133)
	at org.openqa.selenium.remote.codec.w3c.W3CHttpResponseCodec.decode(W3CHttpResponseCodec.java:53)
	at org.openqa.selenium.remote.HttpCommandExecutor.execute(HttpCommandExecutor.java:184)
	at org.openqa.selenium.remote.service.DriverCommandExecutor.invokeExecute(DriverCommandExecutor.java:167)
	at org.openqa.selenium.remote.service.DriverCommandExecutor.execute(DriverCommandExecutor.java:142)
	at org.openqa.selenium.remote.RemoteWebDriver.execute(RemoteWebDriver.java:567)
	at org.openqa.selenium.remote.RemoteWebElement.execute(RemoteWebElement.java:251)
	at org.openqa.selenium.remote.RemoteWebElement.click(RemoteWebElement.java:77)
	at org.testing.Pages.Video.subscribe(Video.java:31)
	at org.testing.TestScripts_YTFramework.TC5.test(TC5.java:28)
	at org.testing.Runner.Runner.main(Runner.java:73)
... Removed 26 stack frames]]>
    </failure>
  </testcase> <!-- test -->
  <testcase classname="org.testing.TestScripts_YTFramework.TC7" name="test" time="33.611"/>
  <testcase classname="org.testing.TestScripts_YTFramework.TC8" name="test" time="33.496"/>
</testsuite> <!-- Command line test a2d3cc02-61f3-404b-a084-0b14adbdd00a -->
