<?xml version="1.0" encoding="UTF-8"?>
<!-- Generated by org.testng.reporters.JUnitXMLReporter -->
<testsuite hostname="LAPTOP-R71BKCQK" failures="0" tests="7" name="Command line test 28909d1c-ea03-4a67-99a4-27e832396947" time="0.017" errors="0" timestamp="12 Jul 2022 17:53:34 GMT">
  <testcase classname="org.testing.TestScripts_YTFramework.TC1" name="@BeforeMethod browserOpen" time="0.0">
    <failure type="org.testng.TestNGException" message="
Parameter &amp;apos;ChromeBrowser&amp;apos; is required by @Configuration on method browserOpen but has not been marked @Optional or defined
">
      <![CDATA[org.testng.TestNGException: 
Parameter 'ChromeBrowser' is required by @Configuration on method browserOpen but has not been marked @Optional or defined

	at org.testing.Runner.Runner.main(Runner.java:73)
... Removed 20 stack frames]]>
    </failure>
  </testcase> <!-- @BeforeMethod browserOpen -->
  <testcase classname="org.testing.TestScripts_YTFramework.TC1" name="@AfterMethod browserClose" time="0.0">
    <skipped/>
  </testcase> <!-- @AfterMethod browserClose -->
  <testcase classname="org.testing.TestScripts_YTFramework.TC2" name="@BeforeMethod browserOpen" time="0.0">
    <skipped/>
  </testcase> <!-- @BeforeMethod browserOpen -->
  <testcase classname="org.testing.TestScripts_YTFramework.TC2" name="@AfterMethod browserClose" time="0.0">
    <skipped/>
  </testcase> <!-- @AfterMethod browserClose -->
  <testcase classname="org.testing.TestScripts_YTFramework.TC3" name="@BeforeMethod browserOpen" time="0.0">
    <skipped/>
  </testcase> <!-- @BeforeMethod browserOpen -->
  <testcase classname="org.testing.TestScripts_YTFramework.TC3" name="@AfterMethod browserClose" time="0.0">
    <skipped/>
  </testcase> <!-- @AfterMethod browserClose -->
  <testcase classname="org.testing.TestScripts_YTFramework.TC4" name="@BeforeMethod browserOpen" time="0.0">
    <skipped/>
  </testcase> <!-- @BeforeMethod browserOpen -->
  <testcase classname="org.testing.TestScripts_YTFramework.TC4" name="@AfterMethod browserClose" time="0.0">
    <skipped/>
  </testcase> <!-- @AfterMethod browserClose -->
  <testcase classname="org.testing.TestScripts_YTFramework.TC6" name="@BeforeMethod browserOpen" time="0.0">
    <skipped/>
  </testcase> <!-- @BeforeMethod browserOpen -->
  <testcase classname="org.testing.TestScripts_YTFramework.TC6" name="@AfterMethod browserClose" time="0.0">
    <skipped/>
  </testcase> <!-- @AfterMethod browserClose -->
  <testcase classname="org.testing.TestScripts_YTFramework.TC7" name="@BeforeMethod browserOpen" time="0.0">
    <skipped/>
  </testcase> <!-- @BeforeMethod browserOpen -->
  <testcase classname="org.testing.TestScripts_YTFramework.TC7" name="@AfterMethod browserClose" time="0.0">
    <skipped/>
  </testcase> <!-- @AfterMethod browserClose -->
  <testcase classname="org.testing.TestScripts_YTFramework.TC8" name="@BeforeMethod browserOpen" time="0.0">
    <skipped/>
  </testcase> <!-- @BeforeMethod browserOpen -->
  <testcase classname="org.testing.TestScripts_YTFramework.TC8" name="@AfterMethod browserClose" time="0.0">
    <skipped/>
  </testcase> <!-- @AfterMethod browserClose -->
  <testcase classname="org.testing.TestScripts_YTFramework.TC1" name="test" time="0.002">
    <skipped/>
  </testcase> <!-- test -->
  <testcase classname="org.testing.TestScripts_YTFramework.TC2" name="test" time="0.0">
    <skipped/>
  </testcase> <!-- test -->
  <testcase classname="org.testing.TestScripts_YTFramework.TC3" name="test" time="0.001">
    <skipped/>
  </testcase> <!-- test -->
  <testcase classname="org.testing.TestScripts_YTFramework.TC4" name="test" time="0.0">
    <skipped/>
  </testcase> <!-- test -->
  <testcase classname="org.testing.TestScripts_YTFramework.TC6" name="test" time="0.0">
    <skipped/>
  </testcase> <!-- test -->
  <testcase classname="org.testing.TestScripts_YTFramework.TC7" name="test" time="0.0">
    <skipped/>
  </testcase> <!-- test -->
  <testcase classname="org.testing.TestScripts_YTFramework.TC8" name="test" time="0.0">
    <skipped/>
  </testcase> <!-- test -->
</testsuite> <!-- Command line test 28909d1c-ea03-4a67-99a4-27e832396947 -->
